<?xml version="1.0" encoding="UTF-8"?>
<!-- Generated by org.testng.reporters.JUnitReportReporter -->
<testsuite hostname="ojt28-PC" name="driverFactory.NewTest" tests="1" failures="0" timestamp="20 Jan 2020 03:31:27 GMT" time="95.188" errors="0">
  <testcase name="f" time="95.188" classname="driverFactory.NewTest"/>
</testsuite> <!-- driverFactory.NewTest -->
